
> clean:build
> lerna clean --yes && lerna bootstrap --hoist && lerna run compile


> @azbake/core@0.1.103 compile
> tsc -p .


> @azbake/ingredient-null@0.0.5 compile
> tsc -p .


> @azbake/ingredient-kubernetes@0.1.111 compile
> tsc -p .


> @azbake/ingredient-utils@0.1.105 compile
> tsc -p .


> @azbake/arm-helper@0.1.104 compile
> tsc -p .


> @azbake/ingredient-script@0.1.105 compile
> tsc -p .


> @azbake/ingredient-property-service@0.1.43 compile
> tsc -p .


> @azbake/ingredient-app-service-plan@0.1.106 compile
> tsc -p .


> azure-bake@0.5.35 compile
> tsc -p .


> @azbake/ingredient-apim-api@0.2.33 compile
> tsc -p .


> @azbake/ingredient-app-insights@0.1.107 compile
> tsc -p .


> @azbake/ingredient-arm@0.1.104 compile
> tsc -p .


> @azbake/ingredient-availability-set@0.1.104 compile
> tsc -p .


> @azbake/ingredient-container-reg@0.1.104 compile
> tsc -p .


> @azbake/ingredient-azure-vm@0.1.109 compile
> tsc -p .


> @azbake/ingredient-apim@0.2.35 compile
> tsc -p .


> @azbake/ingredient-azure-vm-extension@0.1.105 compile
> tsc -p .


> @azbake/ingredient-cosmosdb@0.0.5 compile
> tsc -p .


> @azbake/ingredient-databricks@0.1.143 compile
> tsc -p .


> @azbake/ingredient-datafactoryv2@0.1.143 compile
> tsc -p .


> @azbake/ingredient-event-hub-namespace@0.1.108 compile
> tsc -p .


> @azbake/ingredient-host-names@0.1.106 compile
> tsc -p .


> @azbake/ingredient-event-hub@0.1.104 compile
> tsc -p .


> @azbake/ingredient-functions@0.1.162 compile
> tsc -p .


> @azbake/ingredient-function-app@0.1.104 compile
> tsc -p .


> @azbake/ingredient-key-vault@0.1.105 compile
> tsc -p .


> @azbake/ingredient-metric-alert@0.1.104 compile
> tsc -p .


> @azbake/ingredient-service-bus-queue@0.1.106 compile
> tsc -p .


> @azbake/ingredient-service-bus-namespace@0.1.107 compile
> tsc -p .


> @azbake/ingredient-network-interface@0.1.125 compile
> tsc -p .


> @azbake/ingredient-sql-dwh@0.1.162 compile
> tsc -p .


> @azbake/ingredient-sqldb@0.1.143 compile
> tsc -p .


> @azbake/ingredient-traffic-manager@0.1.108 compile
> tsc -p .


> @azbake/ingredient-webapp-container@0.1.106 compile
> tsc -p .


> @azbake/ingredient-sqlserver-logical@0.1.143 compile
> tsc -p .


> @azbake/ingredient-storage@0.1.121 compile
> tsc -p .

